<?xml version="1.0" encoding="UTF-8"?>
<testng-results ignored="0" total="1" passed="0" failed="1" skipped="0">
  <reporter-output>
    <line>
      <![CDATA[<b>✅ Clicked on the 'Receive Funds' TextView.</b>]]>
    </line>
    <line>
      <![CDATA[Clicked on Bitcoin Mainnet]]>
    </line>
    <line>
      <![CDATA[Clicked on Ethereum TextView]]>
    </line>
    <line>
      <![CDATA[📸 Screenshot after clicking Ethereum: C:\Users\hp\Desktop\AppiumAutomation\PayCioAutomation\screenshots\Ethereum_Screenshot_20250402_150337.png]]>
    </line>
    <line>
      <![CDATA[Clicked on Ethereum TextView]]>
    </line>
    <line>
      <![CDATA[Clicked on Lite Coin TextView]]>
    </line>
    <line>
      <![CDATA[📸 Screenshot after clicking Litecoin: C:\Users\hp\Desktop\AppiumAutomation\PayCioAutomation\screenshots\LiteCoin_Screenshot_20250402_150346.png]]>
    </line>
    <line>
      <![CDATA[Clicked on Lite Coin TextView]]>
    </line>
    <line>
      <![CDATA[Clicked on BitCoin Cash TextView]]>
    </line>
    <line>
      <![CDATA[📸 Screenshot after clicking BitCoin Cash: C:\Users\hp\Desktop\AppiumAutomation\PayCioAutomation\screenshots\BitCoinCash_Screenshot_20250402_150354.png]]>
    </line>
    <line>
      <![CDATA[Clicked on BitCoin Cash TextView]]>
    </line>
    <line>
      <![CDATA[Clicked on USDC TextView]]>
    </line>
    <line>
      <![CDATA[📸 Screenshot after clicking USDC: C:\Users\hp\Desktop\AppiumAutomation\PayCioAutomation\screenshots\USDC_Screenshot_20250402_150402.png]]>
    </line>
    <line>
      <![CDATA[Clicked on USDC TextView]]>
    </line>
    <line>
      <![CDATA[✅ Clicked on Binance Coin TextView]]>
    </line>
    <line>
      <![CDATA[📸 Screenshot after clicking USDC: C:\Users\hp\Desktop\AppiumAutomation\PayCioAutomation\screenshots\USDC_Screenshot_20250402_150409.png]]>
    </line>
    <line>
      <![CDATA[✅ Clicked on Binance Coin TextView]]>
    </line>
    <line>
      <![CDATA[✅ Clicked on Tron TextView]]>
    </line>
    <line>
      <![CDATA[📸 Screenshot after clicking USDC: C:\Users\hp\Desktop\AppiumAutomation\PayCioAutomation\screenshots\USDC_Screenshot_20250402_150415.png]]>
    </line>
    <line>
      <![CDATA[✅ Clicked on Tron TextView]]>
    </line>
    <line>
      <![CDATA[clicked on True USD ]]>
    </line>
    <line>
      <![CDATA[📸 Screenshot after clicking USDC: C:\Users\hp\Desktop\AppiumAutomation\PayCioAutomation\screenshots\USDC_Screenshot_20250402_150426.png]]>
    </line>
    <line>
      <![CDATA[clicked on True USD ]]>
    </line>
    <line>
      <![CDATA[✅ Clicked on Dash TextView]]>
    </line>
    <line>
      <![CDATA[📸 Screenshot after clicking USDC: C:\Users\hp\Desktop\AppiumAutomation\PayCioAutomation\screenshots\USDC_Screenshot_20250402_150443.png]]>
    </line>
    <line>
      <![CDATA[✅ Clicked on Dash TextView]]>
    </line>
    <line>
      <![CDATA[✅ Clicked on Doge Coin TextView]]>
    </line>
    <line>
      <![CDATA[✅ Clicked on Doge TextView]]>
    </line>
    <line>
      <![CDATA[✅ Clicked on Polygon TextView]]>
    </line>
    <line>
      <![CDATA[✅ Clicked on Polygon TextView]]>
    </line>
    <line>
      <![CDATA[✅ Clicked on Solana Mainnet TextView]]>
    </line>
    <line>
      <![CDATA[✅ Clicked on Solana Mainnet TextView]]>
    </line>
    <line>
      <![CDATA[✅ Clicked on Avalanche C-Chain TextView]]>
    </line>
    <line>
      <![CDATA[✅ Clicked on Avalanche TextView]]>
    </line>
  </reporter-output>
  <suite started-at="2025-04-02T15:03:21 IST" name="Default Suite" finished-at="2025-04-02T15:05:59 IST" duration-ms="157886">
    <groups>
    </groups>
    <test started-at="2025-04-02T15:03:21 IST" name="PayCioAutomation" finished-at="2025-04-02T15:05:59 IST" duration-ms="157886">
      <class name="Tests.ReceiveFunds">
        <test-method is-config="true" signature="ConfigureAppium()[pri:0, instance:Tests.ReceiveFunds@40844aab]" started-at="2025-04-02T15:03:21 IST" name="ConfigureAppium" finished-at="2025-04-02T15:03:27 IST" duration-ms="6098" status="PASS">
          <reporter-output>
          </reporter-output>
        </test-method> <!-- ConfigureAppium -->
        <test-method is-config="true" signature="setUpLoginClass()[pri:0, instance:Tests.ReceiveFunds@40844aab]" started-at="2025-04-02T15:03:27 IST" name="setUpLoginClass" finished-at="2025-04-02T15:03:27 IST" duration-ms="42" status="PASS">
          <reporter-output>
          </reporter-output>
        </test-method> <!-- setUpLoginClass -->
        <test-method signature="Receive_Funds_Scenario()[pri:0, instance:Tests.ReceiveFunds@40844aab]" started-at="2025-04-02T15:03:27 IST" name="Receive_Funds_Scenario" finished-at="2025-04-02T15:05:58 IST" duration-ms="150921" status="FAIL">
          <exception class="org.openqa.selenium.TimeoutException">
            <message>
              <![CDATA[Expected condition failed: waiting for visibility of Proxy element for: DefaultElementLocator 'By.xpath: //android.widget.TextView[@text="Tether USD"]' (tried for 20 second(s) with 500 milliseconds interval)]]>
            </message>
            <full-stacktrace>
              <![CDATA[org.openqa.selenium.TimeoutException: Expected condition failed: waiting for visibility of Proxy element for: DefaultElementLocator 'By.xpath: //android.widget.TextView[@text="Tether USD"]' (tried for 20 second(s) with 500 milliseconds interval)
at org.openqa.selenium.support.ui.WebDriverWait.timeoutException(WebDriverWait.java:84)
at org.openqa.selenium.support.ui.FluentWait.until(FluentWait.java:228)
at pages.OperationsButton.scrollAndClickOnBinanceTetherSmartChain(OperationsButton.java:1472)
at Tests.ReceiveFunds.Receive_Funds_Scenario(ReceiveFunds.java:130)
at java.base/jdk.internal.reflect.DirectMethodHandleAccessor.invoke(DirectMethodHandleAccessor.java:103)
at java.base/java.lang.reflect.Method.invoke(Method.java:580)
at org.testng.internal.invokers.MethodInvocationHelper.invokeMethod(MethodInvocationHelper.java:141)
at org.testng.internal.invokers.TestInvoker.invokeMethod(TestInvoker.java:686)
at org.testng.internal.invokers.TestInvoker.invokeTestMethod(TestInvoker.java:230)
at org.testng.internal.invokers.MethodRunner.runInSequence(MethodRunner.java:63)
at org.testng.internal.invokers.TestInvoker$MethodInvocationAgent.invoke(TestInvoker.java:992)
at org.testng.internal.invokers.TestInvoker.invokeTestMethods(TestInvoker.java:203)
at org.testng.internal.invokers.TestMethodWorker.invokeTestMethods(TestMethodWorker.java:154)
at org.testng.internal.invokers.TestMethodWorker.run(TestMethodWorker.java:134)
at java.base/java.util.ArrayList.forEach(ArrayList.java:1597)
at org.testng.TestRunner.privateRun(TestRunner.java:739)
at org.testng.TestRunner.run(TestRunner.java:614)
at org.testng.SuiteRunner.runTest(SuiteRunner.java:421)
at org.testng.SuiteRunner.runSequentially(SuiteRunner.java:413)
at org.testng.SuiteRunner.privateRun(SuiteRunner.java:373)
at org.testng.SuiteRunner.run(SuiteRunner.java:312)
at org.testng.SuiteRunnerWorker.runSuite(SuiteRunnerWorker.java:52)
at org.testng.SuiteRunnerWorker.run(SuiteRunnerWorker.java:95)
at org.testng.TestNG.runSuitesSequentially(TestNG.java:1274)
at org.testng.TestNG.runSuitesLocally(TestNG.java:1208)
at org.testng.TestNG.runSuites(TestNG.java:1112)
at org.testng.TestNG.run(TestNG.java:1079)
at com.intellij.rt.testng.IDEARemoteTestNG.run(IDEARemoteTestNG.java:65)
at com.intellij.rt.testng.RemoteTestNGStarter.main(RemoteTestNGStarter.java:105)
Caused by: org.openqa.selenium.NoSuchElementException: An element could not be located on the page using the given search parameters.
For documentation on this error, please visit: https://www.selenium.dev/documentation/webdriver/troubleshooting/errors#no-such-element-exception
Build info: version: '4.29.0', revision: '5fc1ec94cb'
System info: os.name: 'Windows 10', os.arch: 'amd64', os.version: '10.0', java.version: '23.0.2'
Driver info: io.appium.java_client.android.AndroidDriver
Command: [63a71d44-c017-435f-b947-1dec55320ce3, findElement {value=//android.widget.TextView[@text="Tether USD"], using=xpath}]
Capabilities {appium:app: C://Users//hp//Downloads//P..., appium:appActivity: com.paycio.MainActivity, appium:appPackage: com.paycio, appium:automationName: UIAutomator2, appium:databaseEnabled: false, appium:desired: {app: C://Users//hp//Downloads//P..., automationName: UIAutomator2, deviceName: Vivo I2208 API 34, fullReset: false, noReset: true, platformName: ANDROID}, appium:deviceApiLevel: 34, appium:deviceManufacturer: vivo, appium:deviceModel: I2208, appium:deviceName: 10BD6C0Z8R000Y5, appium:deviceScreenDensity: 440, appium:deviceScreenSize: 1080x2408, appium:deviceUDID: 10BD6C0Z8R000Y5, appium:fullReset: false, appium:javascriptEnabled: true, appium:locationContextEnabled: false, appium:networkConnectionEnabled: true, appium:noReset: true, appium:pixelRatio: 2.75, appium:platformVersion: 14, appium:statBarHeight: 88, appium:takesScreenshot: true, appium:viewportRect: {height: 2320, left: 0, top: 88, width: 1080}, appium:warnings: {}, appium:webStorageEnabled: false, platformName: ANDROID}
Session ID: 63a71d44-c017-435f-b947-1dec55320ce3
at java.base/jdk.internal.reflect.DirectConstructorHandleAccessor.newInstance(DirectConstructorHandleAccessor.java:62)
at java.base/java.lang.reflect.Constructor.newInstanceWithCaller(Constructor.java:501)
at java.base/java.lang.reflect.Constructor.newInstance(Constructor.java:485)
at org.openqa.selenium.remote.ErrorCodec.decode(ErrorCodec.java:167)
at org.openqa.selenium.remote.codec.w3c.W3CHttpResponseCodec.decode(W3CHttpResponseCodec.java:138)
at org.openqa.selenium.remote.codec.w3c.W3CHttpResponseCodec.decode(W3CHttpResponseCodec.java:50)
at org.openqa.selenium.remote.HttpCommandExecutor.execute(HttpCommandExecutor.java:215)
at io.appium.java_client.remote.AppiumCommandExecutor.execute(AppiumCommandExecutor.java:237)
at org.openqa.selenium.remote.RemoteWebDriver.execute(RemoteWebDriver.java:545)
at org.openqa.selenium.remote.ElementLocation$ElementFinder$2.findElement(ElementLocation.java:165)
at org.openqa.selenium.remote.ElementLocation.findElement(ElementLocation.java:59)
at org.openqa.selenium.remote.RemoteWebDriver.findElement(RemoteWebDriver.java:368)
at org.openqa.selenium.remote.RemoteWebDriver.findElement(RemoteWebDriver.java:362)
at org.openqa.selenium.support.pagefactory.DefaultElementLocator.findElement(DefaultElementLocator.java:68)
at org.openqa.selenium.support.pagefactory.internal.LocatingElementHandler.invoke(LocatingElementHandler.java:38)
at jdk.proxy2/jdk.proxy2.$Proxy16.isDisplayed(Unknown Source)
at org.openqa.selenium.support.ui.ExpectedConditions.elementIfVisible(ExpectedConditions.java:304)
at org.openqa.selenium.support.ui.ExpectedConditions$10.apply(ExpectedConditions.java:290)
at org.openqa.selenium.support.ui.ExpectedConditions$10.apply(ExpectedConditions.java:287)
at org.openqa.selenium.support.ui.FluentWait.until(FluentWait.java:203)
... 27 more
]]>
            </full-stacktrace>
          </exception> <!-- org.openqa.selenium.TimeoutException -->
          <reporter-output>
            <line>
              <![CDATA[<b>✅ Clicked on the 'Receive Funds' TextView.</b>]]>
            </line>
            <line>
              <![CDATA[Clicked on Bitcoin Mainnet]]>
            </line>
            <line>
              <![CDATA[Clicked on Ethereum TextView]]>
            </line>
            <line>
              <![CDATA[📸 Screenshot after clicking Ethereum: C:\Users\hp\Desktop\AppiumAutomation\PayCioAutomation\screenshots\Ethereum_Screenshot_20250402_150337.png]]>
            </line>
            <line>
              <![CDATA[Clicked on Ethereum TextView]]>
            </line>
            <line>
              <![CDATA[Clicked on Lite Coin TextView]]>
            </line>
            <line>
              <![CDATA[📸 Screenshot after clicking Litecoin: C:\Users\hp\Desktop\AppiumAutomation\PayCioAutomation\screenshots\LiteCoin_Screenshot_20250402_150346.png]]>
            </line>
            <line>
              <![CDATA[Clicked on Lite Coin TextView]]>
            </line>
            <line>
              <![CDATA[Clicked on BitCoin Cash TextView]]>
            </line>
            <line>
              <![CDATA[📸 Screenshot after clicking BitCoin Cash: C:\Users\hp\Desktop\AppiumAutomation\PayCioAutomation\screenshots\BitCoinCash_Screenshot_20250402_150354.png]]>
            </line>
            <line>
              <![CDATA[Clicked on BitCoin Cash TextView]]>
            </line>
            <line>
              <![CDATA[Clicked on USDC TextView]]>
            </line>
            <line>
              <![CDATA[📸 Screenshot after clicking USDC: C:\Users\hp\Desktop\AppiumAutomation\PayCioAutomation\screenshots\USDC_Screenshot_20250402_150402.png]]>
            </line>
            <line>
              <![CDATA[Clicked on USDC TextView]]>
            </line>
            <line>
              <![CDATA[✅ Clicked on Binance Coin TextView]]>
            </line>
            <line>
              <![CDATA[📸 Screenshot after clicking USDC: C:\Users\hp\Desktop\AppiumAutomation\PayCioAutomation\screenshots\USDC_Screenshot_20250402_150409.png]]>
            </line>
            <line>
              <![CDATA[✅ Clicked on Binance Coin TextView]]>
            </line>
            <line>
              <![CDATA[✅ Clicked on Tron TextView]]>
            </line>
            <line>
              <![CDATA[📸 Screenshot after clicking USDC: C:\Users\hp\Desktop\AppiumAutomation\PayCioAutomation\screenshots\USDC_Screenshot_20250402_150415.png]]>
            </line>
            <line>
              <![CDATA[✅ Clicked on Tron TextView]]>
            </line>
            <line>
              <![CDATA[clicked on True USD ]]>
            </line>
            <line>
              <![CDATA[📸 Screenshot after clicking USDC: C:\Users\hp\Desktop\AppiumAutomation\PayCioAutomation\screenshots\USDC_Screenshot_20250402_150426.png]]>
            </line>
            <line>
              <![CDATA[clicked on True USD ]]>
            </line>
            <line>
              <![CDATA[✅ Clicked on Dash TextView]]>
            </line>
            <line>
              <![CDATA[📸 Screenshot after clicking USDC: C:\Users\hp\Desktop\AppiumAutomation\PayCioAutomation\screenshots\USDC_Screenshot_20250402_150443.png]]>
            </line>
            <line>
              <![CDATA[✅ Clicked on Dash TextView]]>
            </line>
            <line>
              <![CDATA[✅ Clicked on Doge Coin TextView]]>
            </line>
            <line>
              <![CDATA[✅ Clicked on Doge TextView]]>
            </line>
            <line>
              <![CDATA[✅ Clicked on Polygon TextView]]>
            </line>
            <line>
              <![CDATA[✅ Clicked on Polygon TextView]]>
            </line>
            <line>
              <![CDATA[✅ Clicked on Solana Mainnet TextView]]>
            </line>
            <line>
              <![CDATA[✅ Clicked on Solana Mainnet TextView]]>
            </line>
            <line>
              <![CDATA[✅ Clicked on Avalanche C-Chain TextView]]>
            </line>
            <line>
              <![CDATA[✅ Clicked on Avalanche TextView]]>
            </line>
          </reporter-output>
        </test-method> <!-- Receive_Funds_Scenario -->
        <test-method is-config="true" signature="tearDown()[pri:0, instance:Tests.ReceiveFunds@40844aab]" started-at="2025-04-02T15:05:59 IST" name="tearDown" finished-at="2025-04-02T15:05:59 IST" duration-ms="290" status="PASS">
          <reporter-output>
          </reporter-output>
        </test-method> <!-- tearDown -->
      </class> <!-- Tests.ReceiveFunds -->
    </test> <!-- PayCioAutomation -->
  </suite> <!-- Default Suite -->
</testng-results>
