<?xml version="1.0" encoding="UTF-8"?>
<!-- Generated by org.testng.reporters.JUnitReportReporter -->
<testsuite hostname="DESKTOP-FQ8REV2" failures="0" tests="1" name="Tests.PayToMobileNumber" time="46.323" errors="0" timestamp="2025-03-20T17:50:07 IST" skipped="0">
  <testcase classname="Tests.PayToMobileNumber" name="Pay_To_Mobile_Number_Scenario" time="46.323">
    <system-out>
      <![CDATA[<b>✅ Clicked on the 'Pay to Mobile Number' TextView.</b>
<b>⏱ Execution Time for clickPayToMobileNumber(): 3712 ms</b>
✅ Clicked and entered number in the 'Enter Number / Name' EditText field.
<b>⏱ Execution Time for clickEditTextField(): 5077 ms</b>
✅ Successfully clicked on the specified name ('Tap to pay').
<b>⏱ Execution Time for clickIfNameAppears(): 8855 ms</b>
✅ Entered amount: 10
<b>⏱ Execution Time for enterAmount(): 3246 ms</b>
✅ Clicked on 'Bitcoin, BTC, Bitcoin Mainnet'.
<b>⏱ Execution Time for clickBitcoinElement(): 1312 ms</b>
✅ Successfully clicked on USDC checkbox.
<b>⏱ Execution Time for clickUSDCElement(): 7283 ms</b>
✅ Clicked on 'Confirm' button.
<b>⏱ Execution Time for clickConfirmButton(): 284 ms</b>
✅ Pay Button Found. Clicking on it...
✅ Pay Button Clicked Successfully
<b>⏱ Execution Time for clickOnPayButton(): 1322 ms</b>
✅ Successfully entered PIN: 25
🔢 Entered PIN: 25
<b>✅ Clicked on 'Submit' button in UCPI page.</b>
❌ Error Message Displayed: Please enter 4 digit PIN
<b>✅ Clicked on 'Submit' button in UCPI page.</b>
<b style='color: white; background-color: red; padding: 5px;'>❌ Error Message Displayed: Please enter 4 digit PIN</b>
<b>⏱ Execution Time for verifyTransactionSuccess(): 2744 ms</b>
✅Successfully clicked on the cancel button , 
<b>✅ Pressed the Android system Back button.</b>
<b>✅ Pressed the Android system Back button.</b>]]>
    </system-out>
  </testcase> <!-- Pay_To_Mobile_Number_Scenario -->
  <system-out>
    <![CDATA[<b>✅ Clicked on the 'Pay to Mobile Number' TextView.</b>
<b>⏱ Execution Time for clickPayToMobileNumber(): 3712 ms</b>
✅ Clicked and entered number in the 'Enter Number / Name' EditText field.
<b>⏱ Execution Time for clickEditTextField(): 5077 ms</b>
✅ Successfully clicked on the specified name ('Tap to pay').
<b>⏱ Execution Time for clickIfNameAppears(): 8855 ms</b>
✅ Entered amount: 10
<b>⏱ Execution Time for enterAmount(): 3246 ms</b>
✅ Clicked on 'Bitcoin, BTC, Bitcoin Mainnet'.
<b>⏱ Execution Time for clickBitcoinElement(): 1312 ms</b>
✅ Successfully clicked on USDC checkbox.
<b>⏱ Execution Time for clickUSDCElement(): 7283 ms</b>
✅ Clicked on 'Confirm' button.
<b>⏱ Execution Time for clickConfirmButton(): 284 ms</b>
✅ Pay Button Found. Clicking on it...
✅ Pay Button Clicked Successfully
<b>⏱ Execution Time for clickOnPayButton(): 1322 ms</b>
✅ Successfully entered PIN: 25
🔢 Entered PIN: 25
<b>✅ Clicked on 'Submit' button in UCPI page.</b>
❌ Error Message Displayed: Please enter 4 digit PIN
<b>✅ Clicked on 'Submit' button in UCPI page.</b>
<b style='color: white; background-color: red; padding: 5px;'>❌ Error Message Displayed: Please enter 4 digit PIN</b>
<b>⏱ Execution Time for verifyTransactionSuccess(): 2744 ms</b>
✅Successfully clicked on the cancel button , 
<b>✅ Pressed the Android system Back button.</b>
<b>✅ Pressed the Android system Back button.</b>]]>
  </system-out>
</testsuite> <!-- Tests.PayToMobileNumber -->
